app/build/intermediates/manifest_merge_blame_file/release/processReleaseMainManifest/manifest-merger-blame-release-report.txt
1<?xml version="1.0" encoding="utf-8"?>
2<manifest xmlns:android="http://schemas.android.com/apk/res/android"
3    package="com.smartclick.auto.tap.autoclicker"
4    android:versionCode="7"
5    android:versionName="1.0.6" >
6
7    <uses-sdk
8        android:minSdkVersion="24"
9        android:targetSdkVersion="35" />
10
11    <!-- Permissions -->
12    <uses-permission android:name="android.permission.INTERNET" />
12-->src\main\AndroidManifest.xml:6:5-67
12-->src\main\AndroidManifest.xml:6:22-64
13    <uses-permission android:name="android.permission.ACCESS_NETWORK_STATE" />
13-->src\main\AndroidManifest.xml:7:5-79
13-->src\main\AndroidManifest.xml:7:22-76
14    <uses-permission android:name="android.permission.ACCESS_WIFI_STATE" />
14-->src\main\AndroidManifest.xml:8:5-76
14-->src\main\AndroidManifest.xml:8:22-73
15    <uses-permission android:name="com.google.android.gms.permission.AD_ID" />
15-->src\main\AndroidManifest.xml:9:5-79
15-->src\main\AndroidManifest.xml:9:22-76
16    <uses-permission android:name="android.permission.SYSTEM_ALERT_WINDOW" />
16-->src\main\AndroidManifest.xml:10:5-78
16-->src\main\AndroidManifest.xml:10:22-75
17    <uses-permission android:name="android.permission.POST_NOTIFICATIONS" />
17-->src\main\AndroidManifest.xml:11:5-77
17-->src\main\AndroidManifest.xml:11:22-74
18    <uses-permission android:name="android.permission.READ_MEDIA_IMAGES" />
18-->src\main\AndroidManifest.xml:12:5-76
18-->src\main\AndroidManifest.xml:12:22-73
19    <uses-permission android:name="android.permission.READ_MEDIA_VIDEO" />
19-->src\main\AndroidManifest.xml:13:5-75
19-->src\main\AndroidManifest.xml:13:22-72
20    <uses-permission android:name="android.permission.READ_MEDIA_AUDIO" />
20-->src\main\AndroidManifest.xml:14:5-75
20-->src\main\AndroidManifest.xml:14:22-72
21    <uses-permission android:name="android.permission.VIBRATE" />
21-->src\main\AndroidManifest.xml:15:5-66
21-->src\main\AndroidManifest.xml:15:22-63
22    <uses-permission android:name="android.permission.WRITE_EXTERNAL_STORAGE" />
22-->src\main\AndroidManifest.xml:16:5-81
22-->src\main\AndroidManifest.xml:16:22-78
23    <uses-permission android:name="android.permission.READ_EXTERNAL_STORAGE" />
23-->src\main\AndroidManifest.xml:17:5-80
23-->src\main\AndroidManifest.xml:17:22-77
24    <uses-permission android:name="android.permission.WAKE_LOCK" />
24-->src\main\AndroidManifest.xml:18:5-68
24-->src\main\AndroidManifest.xml:18:22-65
25    <uses-permission android:name="android.permission.RECEIVE_BOOT_COMPLETED" />
25-->src\main\AndroidManifest.xml:19:5-81
25-->src\main\AndroidManifest.xml:19:22-78
26    <uses-permission android:name="android.permission.BIND_ACCESSIBILITY_SERVICE" />
26-->src\main\AndroidManifest.xml:20:5-22:47
26-->src\main\AndroidManifest.xml:21:9-69
27    <uses-permission android:name="android.permission.FOREGROUND_SERVICE_MEDIA_PROJECTION" />
27-->src\main\AndroidManifest.xml:23:5-94
27-->src\main\AndroidManifest.xml:23:22-91
28
29    <!-- Accessibility Service -->
30
31
32    <!-- Optional manufacturer-specific badge permissions (if needed) -->
33    <!-- Removed for brevity: all badge-related permissions -->
34
35
36    <!-- For Firebase and dynamic broadcast receivers -->
37    <permission
37-->src\main\AndroidManifest.xml:31:5-33:47
38        android:name="com.smartclick.auto.tap.autoclicker.DYNAMIC_RECEIVER_NOT_EXPORTED_PERMISSION"
38-->src\main\AndroidManifest.xml:32:9-100
39        android:protectionLevel="signature" />
39-->src\main\AndroidManifest.xml:33:9-44
40
41    <uses-permission android:name="com.smartclick.auto.tap.autoclicker.DYNAMIC_RECEIVER_NOT_EXPORTED_PERMISSION" />
41-->src\main\AndroidManifest.xml:34:5-116
41-->src\main\AndroidManifest.xml:34:22-113
42    <!-- Required by older versions of Google Play services to create IID tokens -->
43    <uses-permission android:name="com.google.android.c2dm.permission.RECEIVE" />
43-->[com.google.firebase:firebase-messaging:23.4.1] AndroidManifest.xml:26:5-82
43-->[com.google.firebase:firebase-messaging:23.4.1] AndroidManifest.xml:26:22-79
44    <uses-permission android:name="android.permission.ACCESS_ADSERVICES_AD_ID" />
44-->[com.google.android.gms:play-services-ads-lite:22.4.0] AndroidManifest.xml:27:5-82
44-->[com.google.android.gms:play-services-ads-lite:22.4.0] AndroidManifest.xml:27:22-79
45    <uses-permission android:name="android.permission.ACCESS_ADSERVICES_ATTRIBUTION" />
45-->[com.google.android.gms:play-services-ads-lite:22.4.0] AndroidManifest.xml:28:5-88
45-->[com.google.android.gms:play-services-ads-lite:22.4.0] AndroidManifest.xml:28:22-85
46    <uses-permission android:name="android.permission.ACCESS_ADSERVICES_TOPICS" /> <!-- Android package visibility setting -->
46-->[com.google.android.gms:play-services-ads-lite:22.4.0] AndroidManifest.xml:29:5-83
46-->[com.google.android.gms:play-services-ads-lite:22.4.0] AndroidManifest.xml:29:22-80
47    <queries>
47-->[com.google.android.gms:play-services-ads-lite:22.4.0] AndroidManifest.xml:35:5-51:15
48
49        <!-- For browser content -->
50        <intent>
50-->[com.google.android.gms:play-services-ads-lite:22.4.0] AndroidManifest.xml:38:9-44:18
51            <action android:name="android.intent.action.VIEW" />
51-->[com.google.android.gms:play-services-ads-lite:22.4.0] AndroidManifest.xml:39:13-65
51-->[com.google.android.gms:play-services-ads-lite:22.4.0] AndroidManifest.xml:39:21-62
52
53            <category android:name="android.intent.category.BROWSABLE" />
53-->[com.google.android.gms:play-services-ads-lite:22.4.0] AndroidManifest.xml:41:13-74
53-->[com.google.android.gms:play-services-ads-lite:22.4.0] AndroidManifest.xml:41:23-71
54
55            <data android:scheme="https" />
55-->[com.google.android.gms:play-services-ads-lite:22.4.0] AndroidManifest.xml:43:13-44
55-->[com.google.android.gms:play-services-ads-lite:22.4.0] AndroidManifest.xml:43:19-41
56        </intent>
57        <!-- End of browser content -->
58        <!-- For CustomTabsService -->
59        <intent>
59-->[com.google.android.gms:play-services-ads-lite:22.4.0] AndroidManifest.xml:47:9-49:18
60            <action android:name="android.support.customtabs.action.CustomTabsService" />
60-->[com.google.android.gms:play-services-ads-lite:22.4.0] AndroidManifest.xml:48:13-90
60-->[com.google.android.gms:play-services-ads-lite:22.4.0] AndroidManifest.xml:48:21-87
61        </intent>
62        <!-- End of CustomTabsService -->
63    </queries>
64
65    <uses-permission android:name="android.permission.FOREGROUND_SERVICE" />
65-->[androidx.work:work-runtime:2.10.1] AndroidManifest.xml:26:5-77
65-->[androidx.work:work-runtime:2.10.1] AndroidManifest.xml:26:22-74
66    <uses-permission android:name="com.google.android.finsky.permission.BIND_GET_INSTALL_REFERRER_SERVICE" /> <!-- App declaration -->
66-->[com.google.android.gms:play-services-measurement:21.5.1] AndroidManifest.xml:26:5-110
66-->[com.google.android.gms:play-services-measurement:21.5.1] AndroidManifest.xml:26:22-107
67    <application
67-->src\main\AndroidManifest.xml:37:5-193:19
68        android:name="com.smartclick.auto.tap.autoclicker.MyApplication"
68-->src\main\AndroidManifest.xml:38:9-73
69        android:allowBackup="true"
69-->src\main\AndroidManifest.xml:39:9-35
70        android:appComponentFactory="androidx.core.app.CoreComponentFactory"
70-->src\main\AndroidManifest.xml:40:9-77
71        android:extractNativeLibs="false"
72        android:icon="@mipmap/ic_launcher"
72-->src\main\AndroidManifest.xml:41:9-43
73        android:label="@string/app_name"
73-->src\main\AndroidManifest.xml:42:9-41
74        android:roundIcon="@drawable/appicon"
74-->src\main\AndroidManifest.xml:43:9-46
75        android:supportsRtl="true"
75-->src\main\AndroidManifest.xml:44:9-35
76        android:theme="@style/Theme.AutoClicker"
76-->src\main\AndroidManifest.xml:45:9-49
77        android:usesCleartextTraffic="true" >
77-->src\main\AndroidManifest.xml:46:9-44
78        <meta-data
78-->src\main\AndroidManifest.xml:50:9-52:70
79            android:name="com.google.android.gms.ads.APPLICATION_ID"
79-->src\main\AndroidManifest.xml:51:13-69
80            android:value="ca-app-pub-3940256099942544~3347511713" />
80-->src\main\AndroidManifest.xml:52:13-67
81
82        <property
82-->src\main\AndroidManifest.xml:54:9-57:48
83            android:name="android.adservices.AD_SERVICES_CONFIG"
83-->src\main\AndroidManifest.xml:55:13-65
84            android:resource="@xml/gma_ad_services_config" />
84-->src\main\AndroidManifest.xml:56:13-59
85        <property
85-->src\main\AndroidManifest.xml:54:9-57:48
86            android:name="android.adservices.AD_SERVICES_CONFIG"
86-->src\main\AndroidManifest.xml:55:13-65
87            android:resource="@xml/gma_ad_services_config" />
87-->src\main\AndroidManifest.xml:56:13-59
88
89        <!-- Main launcher activity -->
90        <activity
90-->src\main\AndroidManifest.xml:65:9-74:20
91            android:name="com.smartclick.auto.tap.autoclicker.activity.SplashActivity"
91-->src\main\AndroidManifest.xml:66:13-87
92            android:configChanges="keyboardHidden|orientation|screenSize"
92-->src\main\AndroidManifest.xml:67:13-74
93            android:exported="true"
93-->src\main\AndroidManifest.xml:68:13-36
94            android:screenOrientation="fullSensor" >
94-->src\main\AndroidManifest.xml:69:13-51
95            <intent-filter>
95-->src\main\AndroidManifest.xml:70:13-73:29
96                <action android:name="android.intent.action.MAIN" />
96-->src\main\AndroidManifest.xml:71:17-69
96-->src\main\AndroidManifest.xml:71:25-66
97
98                <category android:name="android.intent.category.LAUNCHER" />
98-->src\main\AndroidManifest.xml:72:17-77
98-->src\main\AndroidManifest.xml:72:27-74
99            </intent-filter>
100        </activity>
101        <activity
101-->src\main\AndroidManifest.xml:76:9-81:45
102            android:name="com.smartclick.auto.tap.autoclicker.activity.ConfigurationActivity"
102-->src\main\AndroidManifest.xml:77:13-94
103            android:configChanges="keyboardHidden|orientation|screenSize"
103-->src\main\AndroidManifest.xml:78:13-74
104            android:exported="false"
104-->src\main\AndroidManifest.xml:79:13-37
105            android:screenOrientation="fullSensor" />
105-->src\main\AndroidManifest.xml:80:13-51
106        <activity
106-->src\main\AndroidManifest.xml:82:9-87:45
107            android:name="com.smartclick.auto.tap.autoclicker.activity.GuideActivity"
107-->src\main\AndroidManifest.xml:83:13-86
108            android:configChanges="keyboardHidden|orientation|screenSize"
108-->src\main\AndroidManifest.xml:84:13-74
109            android:exported="false"
109-->src\main\AndroidManifest.xml:85:13-37
110            android:screenOrientation="fullSensor" />
110-->src\main\AndroidManifest.xml:86:13-51
111        <activity
111-->src\main\AndroidManifest.xml:88:9-93:45
112            android:name="com.smartclick.auto.tap.autoclicker.activity.MultiModeInstructionActivity"
112-->src\main\AndroidManifest.xml:89:13-101
113            android:configChanges="keyboardHidden|orientation|screenSize"
113-->src\main\AndroidManifest.xml:90:13-74
114            android:exported="false"
114-->src\main\AndroidManifest.xml:91:13-37
115            android:screenOrientation="fullSensor" />
115-->src\main\AndroidManifest.xml:92:13-51
116        <activity
116-->src\main\AndroidManifest.xml:94:9-99:45
117            android:name="com.smartclick.auto.tap.autoclicker.activity.MultiModeSettingActivity"
117-->src\main\AndroidManifest.xml:95:13-97
118            android:configChanges="keyboardHidden|orientation|screenSize"
118-->src\main\AndroidManifest.xml:96:13-74
119            android:exported="false"
119-->src\main\AndroidManifest.xml:97:13-37
120            android:screenOrientation="fullSensor" />
120-->src\main\AndroidManifest.xml:98:13-51
121        <activity
121-->src\main\AndroidManifest.xml:100:9-105:45
122            android:name="com.smartclick.auto.tap.autoclicker.activity.SingleModeInstructionActivity"
122-->src\main\AndroidManifest.xml:101:13-102
123            android:configChanges="keyboardHidden|orientation|screenSize"
123-->src\main\AndroidManifest.xml:102:13-74
124            android:exported="false"
124-->src\main\AndroidManifest.xml:103:13-37
125            android:screenOrientation="fullSensor" />
125-->src\main\AndroidManifest.xml:104:13-51
126        <activity
126-->src\main\AndroidManifest.xml:106:9-111:45
127            android:name="com.smartclick.auto.tap.autoclicker.activity.SingleModeSettingActivity"
127-->src\main\AndroidManifest.xml:107:13-98
128            android:configChanges="keyboardHidden|orientation|screenSize"
128-->src\main\AndroidManifest.xml:108:13-74
129            android:exported="false"
129-->src\main\AndroidManifest.xml:109:13-37
130            android:screenOrientation="fullSensor" />
130-->src\main\AndroidManifest.xml:110:13-51
131        <activity
131-->src\main\AndroidManifest.xml:112:9-117:45
132            android:name="com.smartclick.auto.tap.autoclicker.activity.PrivacyPolicyActivity"
132-->src\main\AndroidManifest.xml:113:13-94
133            android:configChanges="keyboardHidden|orientation|screenSize"
133-->src\main\AndroidManifest.xml:114:13-74
134            android:exported="false"
134-->src\main\AndroidManifest.xml:115:13-37
135            android:screenOrientation="fullSensor" />
135-->src\main\AndroidManifest.xml:116:13-51
136        <activity
136-->src\main\AndroidManifest.xml:118:9-123:45
137            android:name="com.smartclick.auto.tap.autoclicker.activity.PermissionActivity"
137-->src\main\AndroidManifest.xml:119:13-91
138            android:configChanges="keyboardHidden|orientation|screenSize"
138-->src\main\AndroidManifest.xml:120:13-74
139            android:exported="false"
139-->src\main\AndroidManifest.xml:121:13-37
140            android:screenOrientation="fullSensor" />
140-->src\main\AndroidManifest.xml:122:13-51
141        <activity
141-->src\main\AndroidManifest.xml:124:9-129:45
142            android:name="com.smartclick.auto.tap.autoclicker.activity.StartActivity"
142-->src\main\AndroidManifest.xml:125:13-86
143            android:configChanges="keyboardHidden|orientation|screenSize"
143-->src\main\AndroidManifest.xml:126:13-74
144            android:exported="false"
144-->src\main\AndroidManifest.xml:127:13-37
145            android:screenOrientation="fullSensor" />
145-->src\main\AndroidManifest.xml:128:13-51
146        <activity
146-->src\main\AndroidManifest.xml:130:9-135:45
147            android:name="com.smartclick.auto.tap.autoclicker.activity.IntroActivity"
147-->src\main\AndroidManifest.xml:131:13-86
148            android:configChanges="keyboardHidden|orientation|screenSize"
148-->src\main\AndroidManifest.xml:132:13-74
149            android:exported="false"
149-->src\main\AndroidManifest.xml:133:13-37
150            android:screenOrientation="fullSensor" />
150-->src\main\AndroidManifest.xml:134:13-51
151        <activity
151-->src\main\AndroidManifest.xml:136:9-141:45
152            android:name="com.smartclick.auto.tap.autoclicker.activity.LanguageActivity"
152-->src\main\AndroidManifest.xml:137:13-89
153            android:configChanges="keyboardHidden|orientation|screenSize"
153-->src\main\AndroidManifest.xml:138:13-74
154            android:exported="false"
154-->src\main\AndroidManifest.xml:139:13-37
155            android:screenOrientation="fullSensor" />
155-->src\main\AndroidManifest.xml:140:13-51
156        <activity
156-->src\main\AndroidManifest.xml:143:9-148:45
157            android:name="demo.ads.ExitScreen"
157-->src\main\AndroidManifest.xml:144:13-47
158            android:configChanges="keyboardHidden|orientation|screenSize"
158-->src\main\AndroidManifest.xml:145:13-74
159            android:exported="false"
159-->src\main\AndroidManifest.xml:146:13-37
160            android:screenOrientation="fullSensor" />
160-->src\main\AndroidManifest.xml:147:13-51
161
162        <service
162-->src\main\AndroidManifest.xml:149:9-155:19
163            android:name="com.smartclick.auto.tap.autoclicker.notification.MyFirebaseMessagingService"
163-->src\main\AndroidManifest.xml:150:13-68
164            android:exported="false" >
164-->src\main\AndroidManifest.xml:151:13-37
165            <intent-filter>
165-->src\main\AndroidManifest.xml:152:13-154:29
166                <action android:name="com.google.firebase.MESSAGING_EVENT" />
166-->src\main\AndroidManifest.xml:153:17-78
166-->src\main\AndroidManifest.xml:153:25-75
167            </intent-filter>
168        </service>
169        <service
169-->src\main\AndroidManifest.xml:157:9-162:60
170            android:name="com.smartclick.auto.tap.autoclicker.service.SingleModeService"
170-->src\main\AndroidManifest.xml:158:13-54
171            android:enabled="true"
171-->src\main\AndroidManifest.xml:159:13-35
172            android:exported="false"
172-->src\main\AndroidManifest.xml:160:13-37
173            android:foregroundServiceType="shortService"
173-->src\main\AndroidManifest.xml:162:13-57
174            android:stopWithTask="true" />
174-->src\main\AndroidManifest.xml:161:13-40
175        <service
175-->src\main\AndroidManifest.xml:164:9-169:60
176            android:name="com.smartclick.auto.tap.autoclicker.service.MultiModeService"
176-->src\main\AndroidManifest.xml:165:13-53
177            android:enabled="true"
177-->src\main\AndroidManifest.xml:166:13-35
178            android:exported="false"
178-->src\main\AndroidManifest.xml:167:13-37
179            android:foregroundServiceType="shortService"
179-->src\main\AndroidManifest.xml:169:13-57
180            android:stopWithTask="true" />
180-->src\main\AndroidManifest.xml:168:13-40
181        <service
181-->src\main\AndroidManifest.xml:171:9-183:19
182            android:name="com.smartclick.auto.tap.autoclicker.service.AutoClicker"
182-->src\main\AndroidManifest.xml:172:13-83
183            android:exported="false"
183-->src\main\AndroidManifest.xml:173:13-37
184            android:label="@string/app_name"
184-->src\main\AndroidManifest.xml:174:13-45
185            android:permission="android.permission.BIND_ACCESSIBILITY_SERVICE"
185-->src\main\AndroidManifest.xml:176:13-79
186            android:stopWithTask="true" >
186-->src\main\AndroidManifest.xml:175:13-40
187            <intent-filter>
187-->src\main\AndroidManifest.xml:177:13-179:29
188                <action android:name="android.accessibilityservice.AccessibilityService" />
188-->src\main\AndroidManifest.xml:178:17-92
188-->src\main\AndroidManifest.xml:178:25-89
189            </intent-filter>
190
191            <meta-data
191-->src\main\AndroidManifest.xml:180:13-182:50
192                android:name="android.accessibilityservice"
192-->src\main\AndroidManifest.xml:181:17-60
193                android:resource="@xml/config" />
193-->src\main\AndroidManifest.xml:182:17-47
194        </service>
195
196        <receiver
196-->src\main\AndroidManifest.xml:185:9-192:20
197            android:name="com.smartclick.auto.tap.autoclicker.service.BootReceiver"
197-->src\main\AndroidManifest.xml:186:13-49
198            android:enabled="true"
198-->src\main\AndroidManifest.xml:187:13-35
199            android:exported="false" >
199-->src\main\AndroidManifest.xml:188:13-37
200            <intent-filter>
200-->src\main\AndroidManifest.xml:189:13-191:29
201                <action android:name="android.intent.action.BOOT_COMPLETED" />
201-->src\main\AndroidManifest.xml:190:17-79
201-->src\main\AndroidManifest.xml:190:25-76
202            </intent-filter>
203        </receiver>
204        <receiver
204-->[com.google.firebase:firebase-messaging:23.4.1] AndroidManifest.xml:29:9-40:20
205            android:name="com.google.firebase.iid.FirebaseInstanceIdReceiver"
205-->[com.google.firebase:firebase-messaging:23.4.1] AndroidManifest.xml:30:13-78
206            android:exported="true"
206-->[com.google.firebase:firebase-messaging:23.4.1] AndroidManifest.xml:31:13-36
207            android:permission="com.google.android.c2dm.permission.SEND" >
207-->[com.google.firebase:firebase-messaging:23.4.1] AndroidManifest.xml:32:13-73
208            <intent-filter>
208-->[com.google.firebase:firebase-messaging:23.4.1] AndroidManifest.xml:33:13-35:29
209                <action android:name="com.google.android.c2dm.intent.RECEIVE" />
209-->[com.google.firebase:firebase-messaging:23.4.1] AndroidManifest.xml:34:17-81
209-->[com.google.firebase:firebase-messaging:23.4.1] AndroidManifest.xml:34:25-78
210            </intent-filter>
211
212            <meta-data
212-->[com.google.firebase:firebase-messaging:23.4.1] AndroidManifest.xml:37:13-39:40
213                android:name="com.google.android.gms.cloudmessaging.FINISHED_AFTER_HANDLED"
213-->[com.google.firebase:firebase-messaging:23.4.1] AndroidManifest.xml:38:17-92
214                android:value="true" />
214-->[com.google.firebase:firebase-messaging:23.4.1] AndroidManifest.xml:39:17-37
215        </receiver>
216        <!--
217             FirebaseMessagingService performs security checks at runtime,
218             but set to not exported to explicitly avoid allowing another app to call it.
219        -->
220        <service
220-->[com.google.firebase:firebase-messaging:23.4.1] AndroidManifest.xml:46:9-53:19
221            android:name="com.google.firebase.messaging.FirebaseMessagingService"
221-->[com.google.firebase:firebase-messaging:23.4.1] AndroidManifest.xml:47:13-82
222            android:directBootAware="true"
222-->[com.google.firebase:firebase-messaging:23.4.1] AndroidManifest.xml:48:13-43
223            android:exported="false" >
223-->[com.google.firebase:firebase-messaging:23.4.1] AndroidManifest.xml:49:13-37
224            <intent-filter android:priority="-500" >
224-->src\main\AndroidManifest.xml:152:13-154:29
225                <action android:name="com.google.firebase.MESSAGING_EVENT" />
225-->src\main\AndroidManifest.xml:153:17-78
225-->src\main\AndroidManifest.xml:153:25-75
226            </intent-filter>
227        </service>
228        <service
228-->[com.google.firebase:firebase-messaging:23.4.1] AndroidManifest.xml:54:9-63:19
229            android:name="com.google.firebase.components.ComponentDiscoveryService"
229-->[com.google.firebase:firebase-messaging:23.4.1] AndroidManifest.xml:55:13-84
230            android:directBootAware="true"
230-->[com.google.firebase:firebase-common:20.4.2] AndroidManifest.xml:32:13-43
231            android:exported="false" >
231-->[com.google.firebase:firebase-messaging:23.4.1] AndroidManifest.xml:56:13-37
232            <meta-data
232-->[com.google.firebase:firebase-messaging:23.4.1] AndroidManifest.xml:57:13-59:85
233                android:name="com.google.firebase.components:com.google.firebase.messaging.FirebaseMessagingKtxRegistrar"
233-->[com.google.firebase:firebase-messaging:23.4.1] AndroidManifest.xml:58:17-122
234                android:value="com.google.firebase.components.ComponentRegistrar" />
234-->[com.google.firebase:firebase-messaging:23.4.1] AndroidManifest.xml:59:17-82
235            <meta-data
235-->[com.google.firebase:firebase-messaging:23.4.1] AndroidManifest.xml:60:13-62:85
236                android:name="com.google.firebase.components:com.google.firebase.messaging.FirebaseMessagingRegistrar"
236-->[com.google.firebase:firebase-messaging:23.4.1] AndroidManifest.xml:61:17-119
237                android:value="com.google.firebase.components.ComponentRegistrar" />
237-->[com.google.firebase:firebase-messaging:23.4.1] AndroidManifest.xml:62:17-82
238            <meta-data
238-->[com.google.firebase:firebase-crashlytics:18.6.2] AndroidManifest.xml:15:13-17:85
239                android:name="com.google.firebase.components:com.google.firebase.crashlytics.FirebaseCrashlyticsKtxRegistrar"
239-->[com.google.firebase:firebase-crashlytics:18.6.2] AndroidManifest.xml:16:17-126
240                android:value="com.google.firebase.components.ComponentRegistrar" />
240-->[com.google.firebase:firebase-crashlytics:18.6.2] AndroidManifest.xml:17:17-82
241            <meta-data
241-->[com.google.firebase:firebase-crashlytics:18.6.2] AndroidManifest.xml:18:13-20:85
242                android:name="com.google.firebase.components:com.google.firebase.crashlytics.CrashlyticsRegistrar"
242-->[com.google.firebase:firebase-crashlytics:18.6.2] AndroidManifest.xml:19:17-115
243                android:value="com.google.firebase.components.ComponentRegistrar" />
243-->[com.google.firebase:firebase-crashlytics:18.6.2] AndroidManifest.xml:20:17-82
244            <meta-data
244-->[com.google.android.gms:play-services-measurement-api:21.5.1] AndroidManifest.xml:37:13-39:85
245                android:name="com.google.firebase.components:com.google.firebase.analytics.connector.internal.AnalyticsConnectorRegistrar"
245-->[com.google.android.gms:play-services-measurement-api:21.5.1] AndroidManifest.xml:38:17-139
246                android:value="com.google.firebase.components.ComponentRegistrar" />
246-->[com.google.android.gms:play-services-measurement-api:21.5.1] AndroidManifest.xml:39:17-82
247            <meta-data
247-->[com.google.firebase:firebase-sessions:1.2.1] AndroidManifest.xml:29:13-31:85
248                android:name="com.google.firebase.components:com.google.firebase.sessions.FirebaseSessionsRegistrar"
248-->[com.google.firebase:firebase-sessions:1.2.1] AndroidManifest.xml:30:17-117
249                android:value="com.google.firebase.components.ComponentRegistrar" />
249-->[com.google.firebase:firebase-sessions:1.2.1] AndroidManifest.xml:31:17-82
250            <meta-data
250-->[com.google.firebase:firebase-installations:17.2.0] AndroidManifest.xml:15:13-17:85
251                android:name="com.google.firebase.components:com.google.firebase.installations.FirebaseInstallationsKtxRegistrar"
251-->[com.google.firebase:firebase-installations:17.2.0] AndroidManifest.xml:16:17-130
252                android:value="com.google.firebase.components.ComponentRegistrar" />
252-->[com.google.firebase:firebase-installations:17.2.0] AndroidManifest.xml:17:17-82
253            <meta-data
253-->[com.google.firebase:firebase-installations:17.2.0] AndroidManifest.xml:18:13-20:85
254                android:name="com.google.firebase.components:com.google.firebase.installations.FirebaseInstallationsRegistrar"
254-->[com.google.firebase:firebase-installations:17.2.0] AndroidManifest.xml:19:17-127
255                android:value="com.google.firebase.components.ComponentRegistrar" />
255-->[com.google.firebase:firebase-installations:17.2.0] AndroidManifest.xml:20:17-82
256            <meta-data
256-->[com.google.firebase:firebase-common-ktx:20.4.2] AndroidManifest.xml:12:13-14:85
257                android:name="com.google.firebase.components:com.google.firebase.ktx.FirebaseCommonLegacyRegistrar"
257-->[com.google.firebase:firebase-common-ktx:20.4.2] AndroidManifest.xml:13:17-116
258                android:value="com.google.firebase.components.ComponentRegistrar" />
258-->[com.google.firebase:firebase-common-ktx:20.4.2] AndroidManifest.xml:14:17-82
259            <meta-data
259-->[com.google.firebase:firebase-common:20.4.2] AndroidManifest.xml:35:13-37:85
260                android:name="com.google.firebase.components:com.google.firebase.FirebaseCommonKtxRegistrar"
260-->[com.google.firebase:firebase-common:20.4.2] AndroidManifest.xml:36:17-109
261                android:value="com.google.firebase.components.ComponentRegistrar" />
261-->[com.google.firebase:firebase-common:20.4.2] AndroidManifest.xml:37:17-82
262            <meta-data
262-->[com.google.firebase:firebase-datatransport:18.1.8] AndroidManifest.xml:27:13-29:85
263                android:name="com.google.firebase.components:com.google.firebase.datatransport.TransportRegistrar"
263-->[com.google.firebase:firebase-datatransport:18.1.8] AndroidManifest.xml:28:17-115
264                android:value="com.google.firebase.components.ComponentRegistrar" />
264-->[com.google.firebase:firebase-datatransport:18.1.8] AndroidManifest.xml:29:17-82
265        </service> <!-- Include the AdActivity and InAppPurchaseActivity configChanges and themes. -->
266        <activity
266-->[com.google.android.gms:play-services-ads-lite:22.4.0] AndroidManifest.xml:56:9-61:43
267            android:name="com.google.android.gms.ads.AdActivity"
267-->[com.google.android.gms:play-services-ads-lite:22.4.0] AndroidManifest.xml:57:13-65
268            android:configChanges="keyboard|keyboardHidden|orientation|screenLayout|uiMode|screenSize|smallestScreenSize"
268-->[com.google.android.gms:play-services-ads-lite:22.4.0] AndroidManifest.xml:58:13-122
269            android:exported="false"
269-->[com.google.android.gms:play-services-ads-lite:22.4.0] AndroidManifest.xml:59:13-37
270            android:theme="@android:style/Theme.Translucent" />
270-->[com.google.android.gms:play-services-ads-lite:22.4.0] AndroidManifest.xml:60:13-61
271
272        <provider
272-->[com.google.android.gms:play-services-ads-lite:22.4.0] AndroidManifest.xml:63:9-68:43
273            android:name="com.google.android.gms.ads.MobileAdsInitProvider"
273-->[com.google.android.gms:play-services-ads-lite:22.4.0] AndroidManifest.xml:64:13-76
274            android:authorities="com.smartclick.auto.tap.autoclicker.mobileadsinitprovider"
274-->[com.google.android.gms:play-services-ads-lite:22.4.0] AndroidManifest.xml:65:13-73
275            android:exported="false"
275-->[com.google.android.gms:play-services-ads-lite:22.4.0] AndroidManifest.xml:66:13-37
276            android:initOrder="100" />
276-->[com.google.android.gms:play-services-ads-lite:22.4.0] AndroidManifest.xml:67:13-36
277
278        <service
278-->[com.google.android.gms:play-services-ads-lite:22.4.0] AndroidManifest.xml:70:9-74:43
279            android:name="com.google.android.gms.ads.AdService"
279-->[com.google.android.gms:play-services-ads-lite:22.4.0] AndroidManifest.xml:71:13-64
280            android:enabled="true"